[debug] [2018-04-13T13:33:02.434Z] ----------------------------------------------------------------------
[debug] [2018-04-13T13:33:02.437Z] Command:       C:\Program Files\nodejs\node.exe C:\Users\jayr\AppData\Roaming\npm\node_modules\firebase-tools\bin\firebase init
[debug] [2018-04-13T13:33:02.437Z] CLI Version:   3.18.2
[debug] [2018-04-13T13:33:02.437Z] Platform:      win32
[debug] [2018-04-13T13:33:02.437Z] Node Version:  v8.9.4
[debug] [2018-04-13T13:33:02.437Z] Time:          Fri Apr 13 2018 09:33:02 GMT-0400 (Eastern Daylight Time)
[debug] [2018-04-13T13:33:02.437Z] ----------------------------------------------------------------------
[debug] 
[debug] [2018-04-13T13:33:02.452Z] > command requires scopes: ["email","openid","https://www.googleapis.com/auth/cloudplatformprojects.readonly","https://www.googleapis.com/auth/firebase"]
[debug] [2018-04-13T13:33:02.452Z] > authorizing via signed-in user
[info] 
     ######## #### ########  ######## ########     ###     ######  ########
     ##        ##  ##     ## ##       ##     ##  ##   ##  ##       ##
     ######    ##  ########  ######   ########  #########  ######  ######
     ##        ##  ##    ##  ##       ##     ## ##     ##       ## ##
     ##       #### ##     ## ######## ########  ##     ##  ######  ########

You're about to initialize a Firebase project in this directory:

  C:\Users\jayr\Dropbox\site\jaymade-app

Before we get started, keep in mind:

  * You are initializing in an existing Firebase project directory

[info] 
=== Project Setup
[info] 
[info] First, let's associate this project directory with a Firebase project.
[info] You can create multiple project aliases by running firebase use --add, 
[info] but for now we'll just set up a default project.
[info] 
[debug] [2018-04-13T13:33:24.972Z] > refreshing access token with scopes: ["email","https://www.googleapis.com/auth/cloudplatformprojects.readonly","https://www.googleapis.com/auth/firebase","openid"]
[debug] [2018-04-13T13:33:24.973Z] >>> HTTP REQUEST POST https://www.googleapis.com/oauth2/v3/token  
 { refresh_token: '1/X3xu2k3GDAuqYk37bUx4bn6mFHKfzdfYBEOl0SU-lFQ',
  client_id: '563584335869-fgrhgmd47bqnekij5i8b5pr03ho849e6.apps.googleusercontent.com',
  client_secret: 'j9iVZfS8kkCEFUPaAeJV0sAi',
  grant_type: 'refresh_token',
  scope: 'email https://www.googleapis.com/auth/cloudplatformprojects.readonly https://www.googleapis.com/auth/firebase openid' } 
 Fri Apr 13 2018 09:33:24 GMT-0400 (Eastern Daylight Time)
[debug] [2018-04-13T13:33:25.099Z] <<< HTTP RESPONSE 200
[debug] [2018-04-13T13:33:25.106Z] >>> HTTP REQUEST GET https://admin.firebase.com/v1/projects  
  
 Fri Apr 13 2018 09:33:25 GMT-0400 (Eastern Daylight Time)
[debug] [2018-04-13T13:33:25.579Z] <<< HTTP RESPONSE 200
[info] i  .firebaserc already has a default project, skipping
[info] 
=== Database Setup
[info] 
[info] Firebase Realtime Database Rules allow you to define how your data should be
[info] structured and when your data can be read from and written to.
[info] 
[info] +  Database Rules for undefined have been downloaded to database.rules.json.
[info] Future modifications to database.rules.json will update Database Rules when you run
[info] firebase deploy.
[info] 
=== Firestore Setup
[info] 
[info] Firestore Security Rules allow you to define how and when to allow
[info] requests. You can keep these rules in your project directory
[info] and publish them with firebase deploy.
[info] 
[info] 
[info] Firestore indexes allow you to perform complex queries while
[info] maintaining performance that scales with the size of the result
[info] set. You can keep index definitions in your project directory
[info] and publish them with firebase deploy.
[info] 
[info] 
=== Functions Setup
[info] 
[info] A functions directory will be created in your project with a Node.js
[info] package pre-configured. Functions can be deployed with firebase deploy.
[info] 
[debug] [2018-04-13T13:33:30.805Z] > command requires scopes: ["email","openid","https://www.googleapis.com/auth/cloudplatformprojects.readonly","https://www.googleapis.com/auth/firebase","https://www.googleapis.com/auth/cloud-platform"]
[debug] [2018-04-13T13:33:30.805Z] > authorizing via signed-in user
[debug] [2018-04-13T13:33:30.806Z] > refreshing access token with scopes: ["email","https://www.googleapis.com/auth/cloud-platform","https://www.googleapis.com/auth/cloudplatformprojects.readonly","https://www.googleapis.com/auth/firebase","openid"]
[debug] [2018-04-13T13:33:30.806Z] >>> HTTP REQUEST POST https://www.googleapis.com/oauth2/v3/token  
 { refresh_token: '1/X3xu2k3GDAuqYk37bUx4bn6mFHKfzdfYBEOl0SU-lFQ',
  client_id: '563584335869-fgrhgmd47bqnekij5i8b5pr03ho849e6.apps.googleusercontent.com',
  client_secret: 'j9iVZfS8kkCEFUPaAeJV0sAi',
  grant_type: 'refresh_token',
  scope: 'email https://www.googleapis.com/auth/cloud-platform https://www.googleapis.com/auth/cloudplatformprojects.readonly https://www.googleapis.com/auth/firebase openid' } 
 Fri Apr 13 2018 09:33:30 GMT-0400 (Eastern Daylight Time)
[debug] [2018-04-13T13:33:30.921Z] <<< HTTP RESPONSE 200
[debug] [2018-04-13T13:33:30.927Z] >>> HTTP REQUEST GET https://admin.firebase.com/v1/projects/jaymade-app-993a0  
  
 Fri Apr 13 2018 09:33:30 GMT-0400 (Eastern Daylight Time)
[debug] [2018-04-13T13:33:31.308Z] <<< HTTP RESPONSE 200
[debug] [2018-04-13T13:33:31.308Z] >>> HTTP REQUEST GET https://admin.firebase.com/v1/database/jaymade-app-993a0/tokens  
  
 Fri Apr 13 2018 09:33:31 GMT-0400 (Eastern Daylight Time)
[debug] [2018-04-13T13:33:31.874Z] <<< HTTP RESPONSE 200
[debug] [2018-04-13T13:33:31.878Z] >>> HTTP REQUEST PATCH https://servicemanagement.googleapis.com/v1/services/cloudfunctions.googleapis.com/projectSettings/jaymade-app-993a0?updateMask=usageSettings  
 { usageSettings: { consumerEnableStatus: 'ENABLED' } } 
 Fri Apr 13 2018 09:33:31 GMT-0400 (Eastern Daylight Time)
[debug] [2018-04-13T13:33:31.879Z] >>> HTTP REQUEST PATCH https://servicemanagement.googleapis.com/v1/services/runtimeconfig.googleapis.com/projectSettings/jaymade-app-993a0?updateMask=usageSettings  
 { usageSettings: { consumerEnableStatus: 'ENABLED' } } 
 Fri Apr 13 2018 09:33:31 GMT-0400 (Eastern Daylight Time)
[debug] [2018-04-13T13:33:33.064Z] <<< HTTP RESPONSE 200
[debug] [2018-04-13T13:33:33.406Z] <<< HTTP RESPONSE 200
[info] +  Wrote functions/package.json
[info] +  Wrote functions/tslint.json
[info] +  Wrote functions/tsconfig.json
[info] +  Wrote functions/src/index.ts
[info] 
=== Hosting Setup
[info] 
[info] Your public directory is the folder (relative to your project directory) that
[info] will contain Hosting assets to be uploaded with firebase deploy. If you
[info] have a build process for your assets, use your build's output directory.
[info] 
